<?xml version="1.0" encoding="UTF-8"?>
<!-- Generated by org.testng.reporters.JUnitReportReporter -->
<testsuite skipped="0" hostname="WIN-NFDCINOH1RK" name="hdc2demos.handson3" tests="3" failures="0" timestamp="2020-02-06T05:06:05 UTC" time="32.593" errors="0">
  <testcase name="f" time="12.546" classname="hdc2demos.handson3"/>
  <testcase name="f" time="10.000" classname="hdc2demos.handson3"/>
  <testcase name="f" time="10.047" classname="hdc2demos.handson3"/>
</testsuite> <!-- hdc2demos.handson3 -->
