<?xml version="1.0" encoding="UTF-8"?>
<!-- Generated by org.testng.reporters.JUnitReportReporter -->
<testsuite skipped="0" hostname="WIN-NFDCINOH1RK" name="hdc2demos.TestNGDemo1" tests="3" failures="0" timestamp="2020-02-04T09:36:28 UTC" time="0.034" errors="0">
  <testcase name="reg" time="0.031" classname="hdc2demos.TestNGDemo1"/>
  <testcase name="login" time="0.002" classname="hdc2demos.TestNGDemo1"/>
  <testcase name="logout" time="0.001" classname="hdc2demos.TestNGDemo1"/>
</testsuite> <!-- hdc2demos.TestNGDemo1 -->
