<?xml version="1.0" encoding="UTF-8"?>
<!-- Generated by org.testng.reporters.JUnitReportReporter -->
<testsuite skipped="0" hostname="WIN-NFDCINOH1RK" name="hdc2demos.GroupingDemo" tests="3" failures="0" timestamp="2020-02-10T08:57:59 UTC" time="0.000" errors="0">
  <testcase name="register" time="0.000" classname="hdc2demos.GroupingDemo"/>
  <testcase name="logout" time="0.000" classname="hdc2demos.GroupingDemo"/>
  <testcase name="login" time="0.000" classname="hdc2demos.GroupingDemo"/>
</testsuite> <!-- hdc2demos.GroupingDemo -->
