<?xml version="1.0" encoding="UTF-8"?>
<!-- Generated by org.testng.reporters.JUnitReportReporter -->
<testsuite skipped="0" hostname="WIN-NFDCINOH1RK" name="hdc2demos.Shirisha" tests="4" failures="0" timestamp="2020-02-11T07:08:24 UTC" time="32.479" errors="0">
  <testcase name="testRegistration" time="8.624" classname="hdc2demos.Shirisha"/>
  <testcase name="testLogin" time="9.142" classname="hdc2demos.Shirisha"/>
  <testcase name="testCart" time="3.516" classname="hdc2demos.Shirisha"/>
  <testcase name="testPayment" time="11.197" classname="hdc2demos.Shirisha"/>
</testsuite> <!-- hdc2demos.Shirisha -->
