<?xml version="1.0" encoding="UTF-8"?>
<!-- Generated by org.testng.reporters.JUnitReportReporter -->
<testsuite skipped="0" hostname="WIN-NFDCINOH1RK" name="hdc2demos.handson2" tests="1" failures="0" timestamp="2020-02-06T05:03:25 UTC" time="4.297" errors="0">
  <testcase name="f" time="4.297" classname="hdc2demos.handson2"/>
</testsuite> <!-- hdc2demos.handson2 -->
