<?xml version="1.0" encoding="UTF-8"?>
<!-- Generated by org.testng.reporters.JUnitReportReporter -->
<testsuite skipped="0" hostname="WIN-NFDCINOH1RK" name="hdc2demos.ActionDemo" tests="1" failures="0" timestamp="2020-02-05T04:37:13 UTC" time="7.839" errors="0">
  <testcase name="f" time="7.839" classname="hdc2demos.ActionDemo"/>
</testsuite> <!-- hdc2demos.ActionDemo -->
