<?xml version="1.0" encoding="UTF-8"?>
<!-- Generated by org.testng.reporters.JUnitReportReporter -->
<testsuite skipped="0" hostname="WIN-NFDCINOH1RK" name="hdc2demos.ExcelDemo" tests="1" failures="0" timestamp="2020-02-06T11:50:01 UTC" time="0.922" errors="0">
  <testcase name="f" time="0.922" classname="hdc2demos.ExcelDemo"/>
</testsuite> <!-- hdc2demos.ExcelDemo -->
