<?xml version="1.0" encoding="UTF-8"?>
<!-- Generated by org.testng.reporters.JUnitReportReporter -->
<testsuite skipped="1" hostname="WIN-NFDCINOH1RK" name="hdc2demos.Alert" tests="2" failures="0" timestamp="2020-02-05T07:31:13 UTC" time="5.154" errors="0">
  <testcase name="frame" time="5.154" classname="hdc2demos.Alert"/>
  <testcase name="f" classname="hdc2demos.Alert">
    <skipped/>
  </testcase> <!-- f -->
</testsuite> <!-- hdc2demos.Alert -->
