<?xml version="1.0" encoding="UTF-8"?>
<!-- Generated by org.testng.reporters.JUnitReportReporter -->
<testsuite skipped="0" hostname="WIN-NFDCINOH1RK" name="hdc2demos.Annotations" tests="2" failures="0" timestamp="2020-02-10T11:43:00 UTC" time="0.016" errors="0">
  <testcase name="login" time="0.015" classname="hdc2demos.Annotations"/>
  <testcase name="register" time="0.001" classname="hdc2demos.Annotations"/>
</testsuite> <!-- hdc2demos.Annotations -->
