<?xml version="1.0" encoding="UTF-8"?>
<!-- Generated by org.testng.reporters.JUnitReportReporter -->
<testsuite skipped="0" hostname="WIN-NFDCINOH1RK" name="hdc2demos.handson1" tests="1" failures="0" timestamp="2020-02-06T05:06:05 UTC" time="10.328" errors="0">
  <testcase name="f" time="10.328" classname="hdc2demos.handson1"/>
</testsuite> <!-- hdc2demos.handson1 -->
