<?xml version="1.0" encoding="UTF-8"?>
<!-- Generated by org.testng.reporters.JUnitReportReporter -->
<testsuite skipped="0" hostname="WIN-NFDCINOH1RK" name="hdc2demos.TestPayment_casestudy1" tests="1" failures="0" timestamp="2020-02-11T05:00:58 UTC" time="17.886" errors="0">
  <testcase name="Testpayment" time="17.886" classname="hdc2demos.TestPayment_casestudy1"/>
</testsuite> <!-- hdc2demos.TestPayment_casestudy1 -->
