<?xml version="1.0" encoding="UTF-8"?>
<!-- Generated by org.testng.reporters.JUnitReportReporter -->
<testsuite skipped="0" hostname="WIN-NFDCINOH1RK" name="hdc2demos.CaseStudy1" tests="1" failures="0" timestamp="2020-02-11T03:53:29 UTC" time="13.098" errors="0">
  <testcase name="Registration" time="13.098" classname="hdc2demos.CaseStudy1"/>
</testsuite> <!-- hdc2demos.CaseStudy1 -->
