<?xml version="1.0" encoding="UTF-8"?>
<!-- Generated by org.testng.reporters.JUnitReportReporter -->
<testsuite skipped="0" hostname="WIN-NFDCINOH1RK" name="hdc2demos.passwindowtowindow" tests="1" failures="0" timestamp="2020-02-05T11:31:41 UTC" time="10.738" errors="0">
  <testcase name="f" time="10.738" classname="hdc2demos.passwindowtowindow"/>
</testsuite> <!-- hdc2demos.passwindowtowindow -->
