<?xml version="1.0" encoding="UTF-8"?>
<!-- Generated by org.testng.reporters.JUnitReportReporter -->
<testsuite skipped="0" hostname="WIN-NFDCINOH1RK" name="hdc2demos.Parameters" tests="3" failures="0" timestamp="2020-02-06T06:55:20 UTC" time="0.015" errors="0">
  <testcase name="termination" time="0.001" classname="hdc2demos.Parameters"/>
  <testcase name="primemembership" time="0.012" classname="hdc2demos.Parameters"/>
  <testcase name="renewal" time="0.002" classname="hdc2demos.Parameters"/>
</testsuite> <!-- hdc2demos.Parameters -->
